
Showing logs for build [32mcb-kubecd-bdd-gh-1590625136-mas-4g5zn-1[0m stage [32mfrom-build-pack[0m and container [32mstep-credential-initializer-r99k7[0m
{"level":"info","ts":1590625322.46225,"logger":"fallback-logger","caller":"logging/config.go:69","msg":"Fetch GitHub commit ID from kodata failed: open /var/run/ko/refs/heads/0.8.0-ns-support: no such file or directory"}
{"level":"info","ts":1590625322.463315,"logger":"fallback-logger","caller":"creds-init/main.go:40","msg":"Credentials initialized."}

Showing logs for build [32mcb-kubecd-bdd-gh-1590625136-mas-4g5zn-1[0m stage [32mfrom-build-pack[0m and container [32mstep-working-dir-initializer-mqs57[0m
{"level":"info","ts":1590625323.8052263,"logger":"fallback-logger","caller":"logging/config.go:69","msg":"Fetch GitHub commit ID from kodata failed: open /var/run/ko/HEAD: no such file or directory"}
{"level":"info","ts":1590625323.8077588,"logger":"fallback-logger","caller":"bash/main.go:64","msg":"Successfully executed command \"sh -c mkdir -p /workspace/source\"; output "}

Showing logs for build [32mcb-kubecd-bdd-gh-1590625136-mas-4g5zn-1[0m stage [32mfrom-build-pack[0m and container [32mstep-place-tools[0m

Showing logs for build [32mcb-kubecd-bdd-gh-1590625136-mas-4g5zn-1[0m stage [32mfrom-build-pack[0m and container [32mstep-git-source-cb-kubecd-bdd-gh-1590625136-mas-4g5zn-xnkrg[0m
{"level":"info","ts":1590625386.1872256,"logger":"fallback-logger","caller":"logging/config.go:69","msg":"Fetch GitHub commit ID from kodata failed: open /var/run/ko/refs/heads/0.8.0-ns-support: no such file or directory"}
{"level":"info","ts":1590625387.3539975,"logger":"fallback-logger","caller":"git/git.go:103","msg":"Successfully cloned https://github.com/cb-kubecd/bdd-gh-1590625136.git @ v0.0.2 in path /workspace/source"}

Showing logs for build [32mcb-kubecd-bdd-gh-1590625136-mas-4g5zn-1[0m stage [32mfrom-build-pack[0m and container [32mstep-git-merge[0m
Using SHAs from PULL_REFS=master:
WARNING: no SHAs to merge, falling back to initial cloned commit

Showing logs for build [32mcb-kubecd-bdd-gh-1590625136-mas-4g5zn-1[0m stage [32mfrom-build-pack[0m and container [32mstep-setup-jx-git-credentials[0m
Generated Git credentials file /workspace/xdg_config/git/credentials

Showing logs for build [32mcb-kubecd-bdd-gh-1590625136-mas-4g5zn-1[0m stage [32mfrom-build-pack[0m and container [32mstep-build-make-build[0m
CGO_ENABLED=0 GO15VENDOREXPERIMENT=1 go build -ldflags '' -o bin/bdd-gh-1590625136 main.go

Showing logs for build [32mcb-kubecd-bdd-gh-1590625136-mas-4g5zn-1[0m stage [32mfrom-build-pack[0m and container [32mstep-build-container-build[0m
ERROR: logging before flag.Parse: E0528 00:23:26.509204      10 metadata.go:241] Failed to unmarshal scopes: json: cannot unmarshal string into Go value of type []string
[36mINFO[0m[0000] Resolved base name scratch to scratch        
[36mINFO[0m[0000] Using dockerignore file: /workspace/source/.dockerignore 
[36mINFO[0m[0000] Resolved base name scratch to scratch        
[36mINFO[0m[0000] Built cross stage deps: map[]                
[36mINFO[0m[0000] No base image, nothing to extract            
[36mINFO[0m[0000] cmd: EXPOSE                                  
[36mINFO[0m[0000] Adding exposed port: 8080/tcp                
[36mINFO[0m[0000] Checking for cached layer gcr.io/jenkins-x-labs-bdd/cache:cd8c82d9579f8e4a0cf3fbfa1b28d68c09f0f7189c00dde53996534467a8be20... 
[36mINFO[0m[0001] No cached layer found for cmd COPY ./bin/ /  
[36mINFO[0m[0001] Unpacking rootfs as cmd COPY ./bin/ / requires it. 
[36mINFO[0m[0001] Taking snapshot of full filesystem...        
[36mINFO[0m[0001] Resolving paths                              
[36mINFO[0m[0001] EXPOSE 8080                                  
[36mINFO[0m[0001] cmd: EXPOSE                                  
[36mINFO[0m[0001] Adding exposed port: 8080/tcp                
[36mINFO[0m[0001] No files changed in this command, skipping snapshotting. 
[36mINFO[0m[0001] ENTRYPOINT ["/bdd-gh-1590625136"]            
[36mINFO[0m[0001] No files changed in this command, skipping snapshotting. 
[36mINFO[0m[0001] COPY ./bin/ /                                
[36mINFO[0m[0001] Resolving paths                              
[36mINFO[0m[0001] Taking snapshot of files...                  
[36mINFO[0m[0001] Pushing layer gcr.io/jenkins-x-labs-bdd/cache:cd8c82d9579f8e4a0cf3fbfa1b28d68c09f0f7189c00dde53996534467a8be20 to cache now 

Showing logs for build [32mcb-kubecd-bdd-gh-1590625136-mas-4g5zn-1[0m stage [32mfrom-build-pack[0m and container [32mstep-promote-changelog[0m
Converted /workspace/source/charts/bdd-gh-1590625136 to an unshallow repository
Generating change log from git ref 4cc2ad0a896a208491b74377877858973c83bdb6 => faa53bffd37e335f61fb3e694330dde68f89a618
WARNING: No release found for cb-kubecd/bdd-gh-1590625136 and tag v0.0.2 so creating a new release
Updated the release information at https://github.com/cb-kubecd/bdd-gh-1590625136/releases/tag/v0.0.2
generated: /workspace/source/charts/bdd-gh-1590625136/templates/release.yaml
Created Release bdd-gh-1590625136-0-0-2 resource in namespace **
Updating PipelineActivity cb-kubecd-bdd-gh-1590625136-master-1 with version 0.0.2
Updated PipelineActivities cb-kubecd-bdd-gh-1590625136-master-1 with release notes URL: https://github.com/cb-kubecd/bdd-gh-1590625136/releases/tag/v0.0.2

Showing logs for build [32mcb-kubecd-bdd-gh-1590625136-mas-4g5zn-1[0m stage [32mfrom-build-pack[0m and container [32mstep-promote-helm-release[0m
WARNING: No $CHART_REPOSITORY defined so using the default value of: http://jenkins-x-chartmuseum:8080
Adding missing Helm repo: storage.googleapis.com https://storage.googleapis.com/chartmuseum.jenkins-x.io
Successfully added Helm repository storage.googleapis.com.
Adding missing Helm repo: jenkins-x-chartmuseum http://jenkins-x-chartmuseum:8080
Successfully added Helm repository jenkins-x-chartmuseum.
WARNING: No $CHART_REPOSITORY defined so using the default value of: http://jenkins-x-chartmuseum:8080
Uploading chart file bdd-gh-1590625136-0.0.2.tgz to http://jenkins-x-chartmuseum:8080/api/charts
Received 201 response: {"saved":true}

Showing logs for build [32mcb-kubecd-bdd-gh-1590625136-mas-4g5zn-1[0m stage [32mfrom-build-pack[0m and container [32mstep-promote-jx-promote[0m
WARNING: prow based install so skip waiting for the merge of Pull Requests to go green as currently there is an issue with gettingstatuses from the PR, see https://github.com/jenkins-x/**/issues/2410
WARNING: No $CHART_REPOSITORY defined so using the default value of: http://jenkins-x-chartmuseum:8080
Promoting app bdd-gh-1590625136 version 0.0.2 to namespace **-staging
WARNING: could not find upstream git URL failed to unmarshal  due to no GitConfDir defined
pushed merged branch promote-bdd-gh-1590625136-0.0.2
Created Pull Request: https://github.com/cb-kubecd/environment-pr-373-1-bdd-gke-staging/pull/2
Added label updatebot to Pull Request https://github.com/cb-kubecd/environment-pr-373-1-bdd-gke-staging/pull/2
got git provider status pending from PR https://github.com/cb-kubecd/environment-pr-373-1-bdd-gke-staging/pull/2
got git provider status pending from PR https://github.com/cb-kubecd/environment-pr-373-1-bdd-gke-staging/pull/2
got git provider status pending from PR https://github.com/cb-kubecd/environment-pr-373-1-bdd-gke-staging/pull/2
WARNING: Failed to merge the Pull Request https://github.com/cb-kubecd/environment-pr-373-1-bdd-gke-staging/pull/2 due to PUT https://api.github.com/repos/cb-kubecd/environment-pr-373-1-bdd-gke-staging/pulls/2/merge: 405 Base branch was modified. Review and try the merge again. [] maybe I don't have karma?
Rebasing PullRequest due to conflict
WARNING: could not find upstream git URL failed to unmarshal  due to no GitConfDir defined
got git provider status pending from PR https://github.com/cb-kubecd/environment-pr-373-1-bdd-gke-staging/pull/2
Rebasing PullRequest due to conflict
WARNING: could not find upstream git URL failed to unmarshal  due to no GitConfDir defined
got git provider status pending from PR https://github.com/cb-kubecd/environment-pr-373-1-bdd-gke-staging/pull/2
Rebasing PullRequest due to conflict
WARNING: could not find upstream git URL failed to unmarshal  due to no GitConfDir defined
got git provider status pending from PR https://github.com/cb-kubecd/environment-pr-373-1-bdd-gke-staging/pull/2
Rebasing PullRequest due to conflict
WARNING: could not find upstream git URL failed to unmarshal  due to no GitConfDir defined
got git provider status pending from PR https://github.com/cb-kubecd/environment-pr-373-1-bdd-gke-staging/pull/2
Rebasing PullRequest due to conflict
WARNING: could not find upstream git URL failed to unmarshal  due to no GitConfDir defined
got git provider status pending from PR https://github.com/cb-kubecd/environment-pr-373-1-bdd-gke-staging/pull/2
Rebasing PullRequest due to conflict
WARNING: could not find upstream git URL failed to unmarshal  due to no GitConfDir defined
got git provider status pending from PR https://github.com/cb-kubecd/environment-pr-373-1-bdd-gke-staging/pull/2
Rebasing PullRequest due to conflict
WARNING: could not find upstream git URL failed to unmarshal  due to no GitConfDir defined
got git provider status pending from PR https://github.com/cb-kubecd/environment-pr-373-1-bdd-gke-staging/pull/2
Rebasing PullRequest due to conflict
WARNING: could not find upstream git URL failed to unmarshal  due to no GitConfDir defined
got git provider status pending from PR https://github.com/cb-kubecd/environment-pr-373-1-bdd-gke-staging/pull/2
Rebasing PullRequest due to conflict
WARNING: could not find upstream git URL failed to unmarshal  due to no GitConfDir defined
got git provider status pending from PR https://github.com/cb-kubecd/environment-pr-373-1-bdd-gke-staging/pull/2
Rebasing PullRequest due to conflict
WARNING: could not find upstream git URL failed to unmarshal  due to no GitConfDir defined
got git provider status pending from PR https://github.com/cb-kubecd/environment-pr-373-1-bdd-gke-staging/pull/2
Rebasing PullRequest due to conflict
WARNING: could not find upstream git URL failed to unmarshal  due to no GitConfDir defined
got git provider status pending from PR https://github.com/cb-kubecd/environment-pr-373-1-bdd-gke-staging/pull/2
Rebasing PullRequest due to conflict
WARNING: could not find upstream git URL failed to unmarshal  due to no GitConfDir defined
got git provider status pending from PR https://github.com/cb-kubecd/environment-pr-373-1-bdd-gke-staging/pull/2
Rebasing PullRequest due to conflict
WARNING: could not find upstream git URL failed to unmarshal  due to no GitConfDir defined
got git provider status pending from PR https://github.com/cb-kubecd/environment-pr-373-1-bdd-gke-staging/pull/2
Rebasing PullRequest due to conflict
WARNING: could not find upstream git URL failed to unmarshal  due to no GitConfDir defined
got git provider status pending from PR https://github.com/cb-kubecd/environment-pr-373-1-bdd-gke-staging/pull/2
Rebasing PullRequest due to conflict
WARNING: could not find upstream git URL failed to unmarshal  due to no GitConfDir defined
got git provider status pending from PR https://github.com/cb-kubecd/environment-pr-373-1-bdd-gke-staging/pull/2
Rebasing PullRequest due to conflict
WARNING: could not find upstream git URL failed to unmarshal  due to no GitConfDir defined
got git provider status pending from PR https://github.com/cb-kubecd/environment-pr-373-1-bdd-gke-staging/pull/2
Rebasing PullRequest due to conflict
WARNING: could not find upstream git URL failed to unmarshal  due to no GitConfDir defined
got git provider status pending from PR https://github.com/cb-kubecd/environment-pr-373-1-bdd-gke-staging/pull/2
Rebasing PullRequest due to conflict
WARNING: could not find upstream git URL failed to unmarshal  due to no GitConfDir defined
got git provider status pending from PR https://github.com/cb-kubecd/environment-pr-373-1-bdd-gke-staging/pull/2
Rebasing PullRequest due to conflict
WARNING: could not find upstream git URL failed to unmarshal  due to no GitConfDir defined
got git provider status pending from PR https://github.com/cb-kubecd/environment-pr-373-1-bdd-gke-staging/pull/2
Rebasing PullRequest due to conflict
WARNING: could not find upstream git URL failed to unmarshal  due to no GitConfDir defined
got git provider status pending from PR https://github.com/cb-kubecd/environment-pr-373-1-bdd-gke-staging/pull/2
Rebasing PullRequest due to conflict
WARNING: could not find upstream git URL failed to unmarshal  due to no GitConfDir defined
got git provider status pending from PR https://github.com/cb-kubecd/environment-pr-373-1-bdd-gke-staging/pull/2
Rebasing PullRequest due to conflict
WARNING: could not find upstream git URL failed to unmarshal  due to no GitConfDir defined
got git provider status pending from PR https://github.com/cb-kubecd/environment-pr-373-1-bdd-gke-staging/pull/2
Rebasing PullRequest due to conflict
WARNING: could not find upstream git URL failed to unmarshal  due to no GitConfDir defined
got git provider status pending from PR https://github.com/cb-kubecd/environment-pr-373-1-bdd-gke-staging/pull/2
Rebasing PullRequest due to conflict
WARNING: could not find upstream git URL failed to unmarshal  due to no GitConfDir defined
got git provider status pending from PR https://github.com/cb-kubecd/environment-pr-373-1-bdd-gke-staging/pull/2
Rebasing PullRequest due to conflict
WARNING: could not find upstream git URL failed to unmarshal  due to no GitConfDir defined
got git provider status pending from PR https://github.com/cb-kubecd/environment-pr-373-1-bdd-gke-staging/pull/2
Rebasing PullRequest due to conflict
WARNING: could not find upstream git URL failed to unmarshal  due to no GitConfDir defined
got git provider status pending from PR https://github.com/cb-kubecd/environment-pr-373-1-bdd-gke-staging/pull/2
Rebasing PullRequest due to conflict
WARNING: could not find upstream git URL failed to unmarshal  due to no GitConfDir defined
got git provider status pending from PR https://github.com/cb-kubecd/environment-pr-373-1-bdd-gke-staging/pull/2
Rebasing PullRequest due to conflict
WARNING: could not find upstream git URL failed to unmarshal  due to no GitConfDir defined
got git provider status pending from PR https://github.com/cb-kubecd/environment-pr-373-1-bdd-gke-staging/pull/2
Rebasing PullRequest due to conflict
WARNING: could not find upstream git URL failed to unmarshal  due to no GitConfDir defined
got git provider status pending from PR https://github.com/cb-kubecd/environment-pr-373-1-bdd-gke-staging/pull/2
Rebasing PullRequest due to conflict
WARNING: could not find upstream git URL failed to unmarshal  due to no GitConfDir defined
got git provider status pending from PR https://github.com/cb-kubecd/environment-pr-373-1-bdd-gke-staging/pull/2
Rebasing PullRequest due to conflict
WARNING: could not find upstream git URL failed to unmarshal  due to no GitConfDir defined
got git provider status pending from PR https://github.com/cb-kubecd/environment-pr-373-1-bdd-gke-staging/pull/2
Rebasing PullRequest due to conflict
WARNING: could not find upstream git URL failed to unmarshal  due to no GitConfDir defined
got git provider status pending from PR https://github.com/cb-kubecd/environment-pr-373-1-bdd-gke-staging/pull/2
Rebasing PullRequest due to conflict
WARNING: could not find upstream git URL failed to unmarshal  due to no GitConfDir defined
got git provider status pending from PR https://github.com/cb-kubecd/environment-pr-373-1-bdd-gke-staging/pull/2
Rebasing PullRequest due to conflict
WARNING: could not find upstream git URL failed to unmarshal  due to no GitConfDir defined
got git provider status pending from PR https://github.com/cb-kubecd/environment-pr-373-1-bdd-gke-staging/pull/2
Rebasing PullRequest due to conflict
WARNING: could not find upstream git URL failed to unmarshal  due to no GitConfDir defined
got git provider status pending from PR https://github.com/cb-kubecd/environment-pr-373-1-bdd-gke-staging/pull/2
Rebasing PullRequest due to conflict
WARNING: could not find upstream git URL failed to unmarshal  due to no GitConfDir defined
got git provider status pending from PR https://github.com/cb-kubecd/environment-pr-373-1-bdd-gke-staging/pull/2
Rebasing PullRequest due to conflict
WARNING: could not find upstream git URL failed to unmarshal  due to no GitConfDir defined
got git provider status pending from PR https://github.com/cb-kubecd/environment-pr-373-1-bdd-gke-staging/pull/2
Rebasing PullRequest due to conflict
WARNING: could not find upstream git URL failed to unmarshal  due to no GitConfDir defined
got git provider status pending from PR https://github.com/cb-kubecd/environment-pr-373-1-bdd-gke-staging/pull/2
Rebasing PullRequest due to conflict
WARNING: could not find upstream git URL failed to unmarshal  due to no GitConfDir defined
got git provider status pending from PR https://github.com/cb-kubecd/environment-pr-373-1-bdd-gke-staging/pull/2
Rebasing PullRequest due to conflict
WARNING: could not find upstream git URL failed to unmarshal  due to no GitConfDir defined
got git provider status pending from PR https://github.com/cb-kubecd/environment-pr-373-1-bdd-gke-staging/pull/2
Rebasing PullRequest due to conflict
WARNING: could not find upstream git URL failed to unmarshal  due to no GitConfDir defined
got git provider status pending from PR https://github.com/cb-kubecd/environment-pr-373-1-bdd-gke-staging/pull/2
Rebasing PullRequest due to conflict
WARNING: could not find upstream git URL failed to unmarshal  due to no GitConfDir defined
got git provider status pending from PR https://github.com/cb-kubecd/environment-pr-373-1-bdd-gke-staging/pull/2
Rebasing PullRequest due to conflict
WARNING: could not find upstream git URL failed to unmarshal  due to no GitConfDir defined
got git provider status pending from PR https://github.com/cb-kubecd/environment-pr-373-1-bdd-gke-staging/pull/2
Rebasing PullRequest due to conflict
WARNING: could not find upstream git URL failed to unmarshal  due to no GitConfDir defined
got git provider status pending from PR https://github.com/cb-kubecd/environment-pr-373-1-bdd-gke-staging/pull/2
Rebasing PullRequest due to conflict
WARNING: could not find upstream git URL failed to unmarshal  due to no GitConfDir defined
got git provider status pending from PR https://github.com/cb-kubecd/environment-pr-373-1-bdd-gke-staging/pull/2
Rebasing PullRequest due to conflict
WARNING: could not find upstream git URL failed to unmarshal  due to no GitConfDir defined
got git provider status pending from PR https://github.com/cb-kubecd/environment-pr-373-1-bdd-gke-staging/pull/2
Rebasing PullRequest due to conflict
WARNING: could not find upstream git URL failed to unmarshal  due to no GitConfDir defined
got git provider status pending from PR https://github.com/cb-kubecd/environment-pr-373-1-bdd-gke-staging/pull/2
Rebasing PullRequest due to conflict
WARNING: could not find upstream git URL failed to unmarshal  due to no GitConfDir defined
got git provider status pending from PR https://github.com/cb-kubecd/environment-pr-373-1-bdd-gke-staging/pull/2
Rebasing PullRequest due to conflict
WARNING: could not find upstream git URL failed to unmarshal  due to no GitConfDir defined
got git provider status pending from PR https://github.com/cb-kubecd/environment-pr-373-1-bdd-gke-staging/pull/2
Rebasing PullRequest due to conflict
WARNING: could not find upstream git URL failed to unmarshal  due to no GitConfDir defined
got git provider status pending from PR https://github.com/cb-kubecd/environment-pr-373-1-bdd-gke-staging/pull/2
Rebasing PullRequest due to conflict
WARNING: could not find upstream git URL failed to unmarshal  due to no GitConfDir defined
got git provider status pending from PR https://github.com/cb-kubecd/environment-pr-373-1-bdd-gke-staging/pull/2
Rebasing PullRequest due to conflict
WARNING: could not find upstream git URL failed to unmarshal  due to no GitConfDir defined
got git provider status pending from PR https://github.com/cb-kubecd/environment-pr-373-1-bdd-gke-staging/pull/2
Rebasing PullRequest due to conflict
WARNING: could not find upstream git URL failed to unmarshal  due to no GitConfDir defined
got git provider status pending from PR https://github.com/cb-kubecd/environment-pr-373-1-bdd-gke-staging/pull/2
Rebasing PullRequest due to conflict
WARNING: could not find upstream git URL failed to unmarshal  due to no GitConfDir defined
got git provider status pending from PR https://github.com/cb-kubecd/environment-pr-373-1-bdd-gke-staging/pull/2
Rebasing PullRequest due to conflict
WARNING: could not find upstream git URL failed to unmarshal  due to no GitConfDir defined
got git provider status pending from PR https://github.com/cb-kubecd/environment-pr-373-1-bdd-gke-staging/pull/2
Rebasing PullRequest due to conflict
WARNING: could not find upstream git URL failed to unmarshal  due to no GitConfDir defined
got git provider status pending from PR https://github.com/cb-kubecd/environment-pr-373-1-bdd-gke-staging/pull/2
Rebasing PullRequest due to conflict
WARNING: could not find upstream git URL failed to unmarshal  due to no GitConfDir defined
got git provider status pending from PR https://github.com/cb-kubecd/environment-pr-373-1-bdd-gke-staging/pull/2
Rebasing PullRequest due to conflict
WARNING: could not find upstream git URL failed to unmarshal  due to no GitConfDir defined
got git provider status pending from PR https://github.com/cb-kubecd/environment-pr-373-1-bdd-gke-staging/pull/2
Rebasing PullRequest due to conflict
WARNING: could not find upstream git URL failed to unmarshal  due to no GitConfDir defined
got git provider status pending from PR https://github.com/cb-kubecd/environment-pr-373-1-bdd-gke-staging/pull/2
Rebasing PullRequest due to conflict
WARNING: could not find upstream git URL failed to unmarshal  due to no GitConfDir defined
got git provider status pending from PR https://github.com/cb-kubecd/environment-pr-373-1-bdd-gke-staging/pull/2
Rebasing PullRequest due to conflict
WARNING: could not find upstream git URL failed to unmarshal  due to no GitConfDir defined
got git provider status pending from PR https://github.com/cb-kubecd/environment-pr-373-1-bdd-gke-staging/pull/2
Rebasing PullRequest due to conflict
WARNING: could not find upstream git URL failed to unmarshal  due to no GitConfDir defined
got git provider status pending from PR https://github.com/cb-kubecd/environment-pr-373-1-bdd-gke-staging/pull/2
Rebasing PullRequest due to conflict
WARNING: could not find upstream git URL failed to unmarshal  due to no GitConfDir defined
got git provider status pending from PR https://github.com/cb-kubecd/environment-pr-373-1-bdd-gke-staging/pull/2
Rebasing PullRequest due to conflict
WARNING: could not find upstream git URL failed to unmarshal  due to no GitConfDir defined
got git provider status pending from PR https://github.com/cb-kubecd/environment-pr-373-1-bdd-gke-staging/pull/2
Rebasing PullRequest due to conflict
WARNING: could not find upstream git URL failed to unmarshal  due to no GitConfDir defined
got git provider status pending from PR https://github.com/cb-kubecd/environment-pr-373-1-bdd-gke-staging/pull/2
Rebasing PullRequest due to conflict
WARNING: could not find upstream git URL failed to unmarshal  due to no GitConfDir defined
got git provider status pending from PR https://github.com/cb-kubecd/environment-pr-373-1-bdd-gke-staging/pull/2
Rebasing PullRequest due to conflict
WARNING: could not find upstream git URL failed to unmarshal  due to no GitConfDir defined
got git provider status pending from PR https://github.com/cb-kubecd/environment-pr-373-1-bdd-gke-staging/pull/2
Rebasing PullRequest due to conflict
WARNING: could not find upstream git URL failed to unmarshal  due to no GitConfDir defined
got git provider status pending from PR https://github.com/cb-kubecd/environment-pr-373-1-bdd-gke-staging/pull/2
Rebasing PullRequest due to conflict
WARNING: could not find upstream git URL failed to unmarshal  due to no GitConfDir defined
got git provider status pending from PR https://github.com/cb-kubecd/environment-pr-373-1-bdd-gke-staging/pull/2
Rebasing PullRequest due to conflict
WARNING: could not find upstream git URL failed to unmarshal  due to no GitConfDir defined
got git provider status pending from PR https://github.com/cb-kubecd/environment-pr-373-1-bdd-gke-staging/pull/2
Rebasing PullRequest due to conflict
WARNING: could not find upstream git URL failed to unmarshal  due to no GitConfDir defined
got git provider status pending from PR https://github.com/cb-kubecd/environment-pr-373-1-bdd-gke-staging/pull/2
Rebasing PullRequest due to conflict
WARNING: could not find upstream git URL failed to unmarshal  due to no GitConfDir defined
got git provider status pending from PR https://github.com/cb-kubecd/environment-pr-373-1-bdd-gke-staging/pull/2
Rebasing PullRequest due to conflict
WARNING: could not find upstream git URL failed to unmarshal  due to no GitConfDir defined
got git provider status pending from PR https://github.com/cb-kubecd/environment-pr-373-1-bdd-gke-staging/pull/2
Rebasing PullRequest due to conflict
WARNING: could not find upstream git URL failed to unmarshal  due to no GitConfDir defined
got git provider status pending from PR https://github.com/cb-kubecd/environment-pr-373-1-bdd-gke-staging/pull/2
Rebasing PullRequest due to conflict
WARNING: could not find upstream git URL failed to unmarshal  due to no GitConfDir defined
got git provider status pending from PR https://github.com/cb-kubecd/environment-pr-373-1-bdd-gke-staging/pull/2
Rebasing PullRequest due to conflict
WARNING: could not find upstream git URL failed to unmarshal  due to no GitConfDir defined
got git provider status pending from PR https://github.com/cb-kubecd/environment-pr-373-1-bdd-gke-staging/pull/2
Rebasing PullRequest due to conflict
WARNING: could not find upstream git URL failed to unmarshal  due to no GitConfDir defined
got git provider status pending from PR https://github.com/cb-kubecd/environment-pr-373-1-bdd-gke-staging/pull/2
Rebasing PullRequest due to conflict
WARNING: could not find upstream git URL failed to unmarshal  due to no GitConfDir defined
got git provider status pending from PR https://github.com/cb-kubecd/environment-pr-373-1-bdd-gke-staging/pull/2
Rebasing PullRequest due to conflict
WARNING: could not find upstream git URL failed to unmarshal  due to no GitConfDir defined
got git provider status pending from PR https://github.com/cb-kubecd/environment-pr-373-1-bdd-gke-staging/pull/2
Rebasing PullRequest due to conflict
WARNING: could not find upstream git URL failed to unmarshal  due to no GitConfDir defined
got git provider status pending from PR https://github.com/cb-kubecd/environment-pr-373-1-bdd-gke-staging/pull/2
Rebasing PullRequest due to conflict
WARNING: could not find upstream git URL failed to unmarshal  due to no GitConfDir defined
got git provider status pending from PR https://github.com/cb-kubecd/environment-pr-373-1-bdd-gke-staging/pull/2
Rebasing PullRequest due to conflict
WARNING: could not find upstream git URL failed to unmarshal  due to no GitConfDir defined
got git provider status pending from PR https://github.com/cb-kubecd/environment-pr-373-1-bdd-gke-staging/pull/2
Rebasing PullRequest due to conflict
WARNING: could not find upstream git URL failed to unmarshal  due to no GitConfDir defined
got git provider status pending from PR https://github.com/cb-kubecd/environment-pr-373-1-bdd-gke-staging/pull/2
Rebasing PullRequest due to conflict
WARNING: could not find upstream git URL failed to unmarshal  due to no GitConfDir defined
got git provider status pending from PR https://github.com/cb-kubecd/environment-pr-373-1-bdd-gke-staging/pull/2
Rebasing PullRequest due to conflict
WARNING: could not find upstream git URL failed to unmarshal  due to no GitConfDir defined
got git provider status pending from PR https://github.com/cb-kubecd/environment-pr-373-1-bdd-gke-staging/pull/2
Rebasing PullRequest due to conflict
WARNING: could not find upstream git URL failed to unmarshal  due to no GitConfDir defined
got git provider status pending from PR https://github.com/cb-kubecd/environment-pr-373-1-bdd-gke-staging/pull/2
Rebasing PullRequest due to conflict
WARNING: could not find upstream git URL failed to unmarshal  due to no GitConfDir defined
got git provider status pending from PR https://github.com/cb-kubecd/environment-pr-373-1-bdd-gke-staging/pull/2
Rebasing PullRequest due to conflict
WARNING: could not find upstream git URL failed to unmarshal  due to no GitConfDir defined
got git provider status pending from PR https://github.com/cb-kubecd/environment-pr-373-1-bdd-gke-staging/pull/2
Rebasing PullRequest due to conflict
WARNING: could not find upstream git URL failed to unmarshal  due to no GitConfDir defined
got git provider status pending from PR https://github.com/cb-kubecd/environment-pr-373-1-bdd-gke-staging/pull/2
Rebasing PullRequest due to conflict
WARNING: could not find upstream git URL failed to unmarshal  due to no GitConfDir defined
got git provider status pending from PR https://github.com/cb-kubecd/environment-pr-373-1-bdd-gke-staging/pull/2
Rebasing PullRequest due to conflict
WARNING: could not find upstream git URL failed to unmarshal  due to no GitConfDir defined
got git provider status pending from PR https://github.com/cb-kubecd/environment-pr-373-1-bdd-gke-staging/pull/2
Rebasing PullRequest due to conflict
WARNING: could not find upstream git URL failed to unmarshal  due to no GitConfDir defined
got git provider status pending from PR https://github.com/cb-kubecd/environment-pr-373-1-bdd-gke-staging/pull/2
Rebasing PullRequest due to conflict
WARNING: could not find upstream git URL failed to unmarshal  due to no GitConfDir defined
got git provider status pending from PR https://github.com/cb-kubecd/environment-pr-373-1-bdd-gke-staging/pull/2
Rebasing PullRequest due to conflict
WARNING: could not find upstream git URL failed to unmarshal  due to no GitConfDir defined
got git provider status pending from PR https://github.com/cb-kubecd/environment-pr-373-1-bdd-gke-staging/pull/2
Rebasing PullRequest due to conflict
WARNING: could not find upstream git URL failed to unmarshal  due to no GitConfDir defined
got git provider status pending from PR https://github.com/cb-kubecd/environment-pr-373-1-bdd-gke-staging/pull/2
Rebasing PullRequest due to conflict
WARNING: could not find upstream git URL failed to unmarshal  due to no GitConfDir defined
got git provider status pending from PR https://github.com/cb-kubecd/environment-pr-373-1-bdd-gke-staging/pull/2
Rebasing PullRequest due to conflict
WARNING: could not find upstream git URL failed to unmarshal  due to no GitConfDir defined
got git provider status pending from PR https://github.com/cb-kubecd/environment-pr-373-1-bdd-gke-staging/pull/2
Rebasing PullRequest due to conflict
WARNING: could not find upstream git URL failed to unmarshal  due to no GitConfDir defined
got git provider status pending from PR https://github.com/cb-kubecd/environment-pr-373-1-bdd-gke-staging/pull/2
Rebasing PullRequest due to conflict
WARNING: could not find upstream git URL failed to unmarshal  due to no GitConfDir defined
got git provider status pending from PR https://github.com/cb-kubecd/environment-pr-373-1-bdd-gke-staging/pull/2
Rebasing PullRequest due to conflict
WARNING: could not find upstream git URL failed to unmarshal  due to no GitConfDir defined
got git provider status pending from PR https://github.com/cb-kubecd/environment-pr-373-1-bdd-gke-staging/pull/2
Rebasing PullRequest due to conflict
WARNING: could not find upstream git URL failed to unmarshal  due to no GitConfDir defined
got git provider status pending from PR https://github.com/cb-kubecd/environment-pr-373-1-bdd-gke-staging/pull/2
Rebasing PullRequest due to conflict
WARNING: could not find upstream git URL failed to unmarshal  due to no GitConfDir defined
got git provider status pending from PR https://github.com/cb-kubecd/environment-pr-373-1-bdd-gke-staging/pull/2
Rebasing PullRequest due to conflict
WARNING: could not find upstream git URL failed to unmarshal  due to no GitConfDir defined
got git provider status pending from PR https://github.com/cb-kubecd/environment-pr-373-1-bdd-gke-staging/pull/2
Rebasing PullRequest due to conflict
WARNING: could not find upstream git URL failed to unmarshal  due to no GitConfDir defined
got git provider status pending from PR https://github.com/cb-kubecd/environment-pr-373-1-bdd-gke-staging/pull/2
Rebasing PullRequest due to conflict
WARNING: could not find upstream git URL failed to unmarshal  due to no GitConfDir defined
got git provider status pending from PR https://github.com/cb-kubecd/environment-pr-373-1-bdd-gke-staging/pull/2
Rebasing PullRequest due to conflict
WARNING: could not find upstream git URL failed to unmarshal  due to no GitConfDir defined
got git provider status pending from PR https://github.com/cb-kubecd/environment-pr-373-1-bdd-gke-staging/pull/2
Rebasing PullRequest due to conflict
WARNING: could not find upstream git URL failed to unmarshal  due to no GitConfDir defined
got git provider status pending from PR https://github.com/cb-kubecd/environment-pr-373-1-bdd-gke-staging/pull/2
Rebasing PullRequest due to conflict
WARNING: could not find upstream git URL failed to unmarshal  due to no GitConfDir defined
got git provider status pending from PR https://github.com/cb-kubecd/environment-pr-373-1-bdd-gke-staging/pull/2
Rebasing PullRequest due to conflict
WARNING: could not find upstream git URL failed to unmarshal  due to no GitConfDir defined
got git provider status pending from PR https://github.com/cb-kubecd/environment-pr-373-1-bdd-gke-staging/pull/2
Rebasing PullRequest due to conflict
WARNING: could not find upstream git URL failed to unmarshal  due to no GitConfDir defined
got git provider status pending from PR https://github.com/cb-kubecd/environment-pr-373-1-bdd-gke-staging/pull/2
Rebasing PullRequest due to conflict
WARNING: could not find upstream git URL failed to unmarshal  due to no GitConfDir defined
got git provider status pending from PR https://github.com/cb-kubecd/environment-pr-373-1-bdd-gke-staging/pull/2
Rebasing PullRequest due to conflict
WARNING: could not find upstream git URL failed to unmarshal  due to no GitConfDir defined
got git provider status pending from PR https://github.com/cb-kubecd/environment-pr-373-1-bdd-gke-staging/pull/2
Rebasing PullRequest due to conflict
WARNING: could not find upstream git URL failed to unmarshal  due to no GitConfDir defined
got git provider status pending from PR https://github.com/cb-kubecd/environment-pr-373-1-bdd-gke-staging/pull/2
Rebasing PullRequest due to conflict
WARNING: could not find upstream git URL failed to unmarshal  due to no GitConfDir defined
got git provider status pending from PR https://github.com/cb-kubecd/environment-pr-373-1-bdd-gke-staging/pull/2
Rebasing PullRequest due to conflict
WARNING: could not find upstream git URL failed to unmarshal  due to no GitConfDir defined
got git provider status pending from PR https://github.com/cb-kubecd/environment-pr-373-1-bdd-gke-staging/pull/2
Rebasing PullRequest due to conflict
WARNING: could not find upstream git URL failed to unmarshal  due to no GitConfDir defined
got git provider status pending from PR https://github.com/cb-kubecd/environment-pr-373-1-bdd-gke-staging/pull/2
Rebasing PullRequest due to conflict
WARNING: could not find upstream git URL failed to unmarshal  due to no GitConfDir defined
got git provider status pending from PR https://github.com/cb-kubecd/environment-pr-373-1-bdd-gke-staging/pull/2
Rebasing PullRequest due to conflict
WARNING: could not find upstream git URL failed to unmarshal  due to no GitConfDir defined
got git provider status pending from PR https://github.com/cb-kubecd/environment-pr-373-1-bdd-gke-staging/pull/2
Rebasing PullRequest due to conflict
WARNING: could not find upstream git URL failed to unmarshal  due to no GitConfDir defined
got git provider status pending from PR https://github.com/cb-kubecd/environment-pr-373-1-bdd-gke-staging/pull/2
Rebasing PullRequest due to conflict
WARNING: could not find upstream git URL failed to unmarshal  due to no GitConfDir defined
got git provider status pending from PR https://github.com/cb-kubecd/environment-pr-373-1-bdd-gke-staging/pull/2
Rebasing PullRequest due to conflict
WARNING: could not find upstream git URL failed to unmarshal  due to no GitConfDir defined
got git provider status pending from PR https://github.com/cb-kubecd/environment-pr-373-1-bdd-gke-staging/pull/2
Rebasing PullRequest due to conflict
WARNING: could not find upstream git URL failed to unmarshal  due to no GitConfDir defined
got git provider status pending from PR https://github.com/cb-kubecd/environment-pr-373-1-bdd-gke-staging/pull/2
Rebasing PullRequest due to conflict
WARNING: could not find upstream git URL failed to unmarshal  due to no GitConfDir defined
got git provider status pending from PR https://github.com/cb-kubecd/environment-pr-373-1-bdd-gke-staging/pull/2
Rebasing PullRequest due to conflict
WARNING: could not find upstream git URL failed to unmarshal  due to no GitConfDir defined
error: Timed out waiting for pull request https://github.com/cb-kubecd/environment-pr-373-1-bdd-gke-staging/pull/2 to merge. Waited 1h0m0s
[31m
Pipeline failed on stage 'from-build-pack' : container 'step-promote-jx-promote'. The execution of the pipeline has stopped.[0m
