
Showing logs for build [32mcb-kubecd-bdd-gh-1590625136-mas-6rtsx-2[0m stage [32mfrom-build-pack[0m and container [32mstep-credential-initializer-4d6q7[0m
{"level":"info","ts":1590625241.572101,"logger":"fallback-logger","caller":"logging/config.go:69","msg":"Fetch GitHub commit ID from kodata failed: open /var/run/ko/refs/heads/0.8.0-ns-support: no such file or directory"}
{"level":"info","ts":1590625241.5725195,"logger":"fallback-logger","caller":"creds-init/main.go:40","msg":"Credentials initialized."}

Showing logs for build [32mcb-kubecd-bdd-gh-1590625136-mas-6rtsx-2[0m stage [32mfrom-build-pack[0m and container [32mstep-working-dir-initializer-dvdlg[0m
{"level":"info","ts":1590625242.6087673,"logger":"fallback-logger","caller":"logging/config.go:69","msg":"Fetch GitHub commit ID from kodata failed: open /var/run/ko/HEAD: no such file or directory"}
{"level":"info","ts":1590625242.616517,"logger":"fallback-logger","caller":"bash/main.go:64","msg":"Successfully executed command \"sh -c mkdir -p /workspace/source\"; output "}

Showing logs for build [32mcb-kubecd-bdd-gh-1590625136-mas-6rtsx-2[0m stage [32mfrom-build-pack[0m and container [32mstep-place-tools[0m

Showing logs for build [32mcb-kubecd-bdd-gh-1590625136-mas-6rtsx-2[0m stage [32mfrom-build-pack[0m and container [32mstep-git-source-cb-kubecd-bdd-gh-1590625136-mas-6rtsx-hsmxd[0m
{"level":"info","ts":1590625386.3842435,"logger":"fallback-logger","caller":"logging/config.go:69","msg":"Fetch GitHub commit ID from kodata failed: open /var/run/ko/refs/heads/0.8.0-ns-support: no such file or directory"}
{"level":"info","ts":1590625387.5496771,"logger":"fallback-logger","caller":"git/git.go:103","msg":"Successfully cloned https://github.com/cb-kubecd/bdd-gh-1590625136.git @ v0.0.1 in path /workspace/source"}

Showing logs for build [32mcb-kubecd-bdd-gh-1590625136-mas-6rtsx-2[0m stage [32mfrom-build-pack[0m and container [32mstep-git-merge[0m
Using SHAs from PULL_REFS=master:c467bc7c8fe84e03cf37e4b98474f1c3b7c8aff7
WARNING: no SHAs to merge, falling back to initial cloned commit

Showing logs for build [32mcb-kubecd-bdd-gh-1590625136-mas-6rtsx-2[0m stage [32mfrom-build-pack[0m and container [32mstep-setup-jx-git-credentials[0m
Generated Git credentials file /workspace/xdg_config/git/credentials

Showing logs for build [32mcb-kubecd-bdd-gh-1590625136-mas-6rtsx-2[0m stage [32mfrom-build-pack[0m and container [32mstep-build-make-build[0m
CGO_ENABLED=0 GO15VENDOREXPERIMENT=1 go build -ldflags '' -o bin/bdd-gh-1590625136 main.go

Showing logs for build [32mcb-kubecd-bdd-gh-1590625136-mas-6rtsx-2[0m stage [32mfrom-build-pack[0m and container [32mstep-build-container-build[0m
ERROR: logging before flag.Parse: E0528 00:23:26.357993      11 metadata.go:241] Failed to unmarshal scopes: json: cannot unmarshal string into Go value of type []string
[36mINFO[0m[0000] Resolved base name scratch to scratch        
[36mINFO[0m[0000] Using dockerignore file: /workspace/source/.dockerignore 
[36mINFO[0m[0000] Resolved base name scratch to scratch        
[36mINFO[0m[0000] Built cross stage deps: map[]                
[36mINFO[0m[0000] No base image, nothing to extract            
[36mINFO[0m[0000] cmd: EXPOSE                                  
[36mINFO[0m[0000] Adding exposed port: 8080/tcp                
[36mINFO[0m[0000] Checking for cached layer gcr.io/jenkins-x-labs-bdd/cache:cd8c82d9579f8e4a0cf3fbfa1b28d68c09f0f7189c00dde53996534467a8be20... 
[36mINFO[0m[0001] No cached layer found for cmd COPY ./bin/ /  
[36mINFO[0m[0001] Unpacking rootfs as cmd COPY ./bin/ / requires it. 
[36mINFO[0m[0001] Taking snapshot of full filesystem...        
[36mINFO[0m[0001] Resolving paths                              
[36mINFO[0m[0001] EXPOSE 8080                                  
[36mINFO[0m[0001] cmd: EXPOSE                                  
[36mINFO[0m[0001] Adding exposed port: 8080/tcp                
[36mINFO[0m[0001] No files changed in this command, skipping snapshotting. 
[36mINFO[0m[0001] ENTRYPOINT ["/bdd-gh-1590625136"]            
[36mINFO[0m[0001] No files changed in this command, skipping snapshotting. 
[36mINFO[0m[0001] COPY ./bin/ /                                
[36mINFO[0m[0001] Resolving paths                              
[36mINFO[0m[0001] Taking snapshot of files...                  
[36mINFO[0m[0001] Pushing layer gcr.io/jenkins-x-labs-bdd/cache:cd8c82d9579f8e4a0cf3fbfa1b28d68c09f0f7189c00dde53996534467a8be20 to cache now 

Showing logs for build [32mcb-kubecd-bdd-gh-1590625136-mas-6rtsx-2[0m stage [32mfrom-build-pack[0m and container [32mstep-promote-changelog[0m
Converted /workspace/source/charts/bdd-gh-1590625136 to an unshallow repository
Generating change log from git ref 4cc2ad0a896a208491b74377877858973c83bdb6 => faa53bffd37e335f61fb3e694330dde68f89a618
WARNING: No release found for cb-kubecd/bdd-gh-1590625136 and tag v0.0.1 so creating a new release
Updated the release information at https://github.com/cb-kubecd/bdd-gh-1590625136/releases/tag/v0.0.1
generated: /workspace/source/charts/bdd-gh-1590625136/templates/release.yaml
Created Release bdd-gh-1590625136-0-0-1 resource in namespace **
Updating PipelineActivity cb-kubecd-bdd-gh-1590625136-master-2 with version 0.0.1
Updated PipelineActivities cb-kubecd-bdd-gh-1590625136-master-2 with release notes URL: https://github.com/cb-kubecd/bdd-gh-1590625136/releases/tag/v0.0.1

Showing logs for build [32mcb-kubecd-bdd-gh-1590625136-mas-6rtsx-2[0m stage [32mfrom-build-pack[0m and container [32mstep-promote-helm-release[0m
WARNING: No $CHART_REPOSITORY defined so using the default value of: http://jenkins-x-chartmuseum:8080
Adding missing Helm repo: storage.googleapis.com https://storage.googleapis.com/chartmuseum.jenkins-x.io
Successfully added Helm repository storage.googleapis.com.
Adding missing Helm repo: jenkins-x-chartmuseum http://jenkins-x-chartmuseum:8080
Successfully added Helm repository jenkins-x-chartmuseum.
WARNING: No $CHART_REPOSITORY defined so using the default value of: http://jenkins-x-chartmuseum:8080
Uploading chart file bdd-gh-1590625136-0.0.1.tgz to http://jenkins-x-chartmuseum:8080/api/charts
Received 201 response: {"saved":true}

Showing logs for build [32mcb-kubecd-bdd-gh-1590625136-mas-6rtsx-2[0m stage [32mfrom-build-pack[0m and container [32mstep-promote-jx-promote[0m
WARNING: prow based install so skip waiting for the merge of Pull Requests to go green as currently there is an issue with gettingstatuses from the PR, see https://github.com/jenkins-x/**/issues/2410
WARNING: No $CHART_REPOSITORY defined so using the default value of: http://jenkins-x-chartmuseum:8080
Promoting app bdd-gh-1590625136 version 0.0.1 to namespace **-staging
WARNING: could not find upstream git URL failed to unmarshal  due to no GitConfDir defined
pushed merged branch promote-bdd-gh-1590625136-0.0.1
Created Pull Request: https://github.com/cb-kubecd/environment-pr-373-1-bdd-gke-staging/pull/1
Added label updatebot to Pull Request https://github.com/cb-kubecd/environment-pr-373-1-bdd-gke-staging/pull/1
WARNING: Failed to query the Pull Request last commit status for https://github.com/cb-kubecd/environment-pr-373-1-bdd-gke-staging/pull/1 ref 40d66183550b1c6e41359951cbf9491bf44d8ff2 Could not find a status for repository cb-kubecd/environment-pr-373-1-bdd-gke-staging with ref 40d66183550b1c6e41359951cbf9491bf44d8ff2
got git provider status pending from PR https://github.com/cb-kubecd/environment-pr-373-1-bdd-gke-staging/pull/1
got git provider status pending from PR https://github.com/cb-kubecd/environment-pr-373-1-bdd-gke-staging/pull/1
Pull Request https://github.com/cb-kubecd/environment-pr-373-1-bdd-gke-staging/pull/1 is merged at sha 669d823663ac70c9ebd267711091b35b2ecf77d8
Pull Request merged but we are not waiting for the update pipeline to complete!
WARNING: Could not find the service URL in namespace **-staging for names bdd-gh-1590625136, **-bdd-gh-1590625136, **-staging-bdd-gh-1590625136
